<?xml version="1.0" encoding="UTF-8"?>
<testng-results skipped="0" failed="0" ignored="0" total="2" passed="2">
  <reporter-output>
  </reporter-output>
  <suite name="Default suite" duration-ms="20295" started-at="2019-12-20T03:33:50Z" finished-at="2019-12-20T03:34:11Z">
    <groups>
    </groups>
    <test name="Default test" duration-ms="20295" started-at="2019-12-20T03:33:50Z" finished-at="2019-12-20T03:34:11Z">
      <class name="com.hrm.TestCases.TC_Login">
        <test-method status="PASS" signature="init()[pri:0, instance:com.hrm.TestCases.TC_Login@5c7fa833]" name="init" is-config="true" duration-ms="12806" started-at="2019-12-20T03:33:50Z" finished-at="2019-12-20T03:34:03Z">
          <reporter-output>
          </reporter-output>
        </test-method> <!-- init -->
        <test-method status="PASS" signature="LoginTest()[pri:1, instance:com.hrm.TestCases.TC_Login@5c7fa833]" name="LoginTest" duration-ms="5888" started-at="2019-12-20T03:34:03Z" finished-at="2019-12-20T03:34:09Z">
          <reporter-output>
          </reporter-output>
        </test-method> <!-- LoginTest -->
        <test-method status="PASS" signature="TC_Dashboard()[pri:2, instance:com.hrm.TestCases.TC_Login@5c7fa833]" name="TC_Dashboard" duration-ms="1546" started-at="2019-12-20T03:34:09Z" finished-at="2019-12-20T03:34:11Z">
          <reporter-output>
          </reporter-output>
        </test-method> <!-- TC_Dashboard -->
      </class> <!-- com.hrm.TestCases.TC_Login -->
    </test> <!-- Default test -->
  </suite> <!-- Default suite -->
</testng-results>
